# JRE version: OpenJDK Runtime Environment (8.0_181-b13) (build 1.8.0_181-8u181-b13-2~deb9u1-b13)
# Java VM: OpenJDK 64-Bit Server VM (25.181-b13 mixed mode linux-amd64 compressed oops)
Heap:
 PSYoungGen      total 359424K, used 0K [0x00000000d7200000, 0x0000000100000000, 0x0000000100000000)
  eden space 223232K, 0% used [0x00000000d7200000,0x00000000d7200000,0x00000000e4c00000)
  from space 136192K, 0% used [0x00000000f7b00000,0x00000000f7b00000,0x0000000100000000)
  to   space 223232K, 0% used [0x00000000e4c00000,0x00000000e4c00000,0x00000000f2600000)
 ParOldGen       total 592384K, used 528520K [0x0000000085600000, 0x00000000a9880000, 0x00000000d7200000)
  object space 592384K, 89% used [0x0000000085600000,0x00000000a5a22348,0x00000000a9880000)
 Metaspace       used 80297K, capacity 81026K, committed 81408K, reserved 1120256K
  class space    used 11222K, capacity 11421K, committed 11520K, reserved 1048576K
GC Heap History (10 events):
Event: 49.927 GC heap after
Heap after GC invocations=87 (full 6):
 PSYoungGen      total 561152K, used 28819K [0x00000000d7200000, 0x00000000ff880000, 0x0000000100000000)
  eden space 457728K, 0% used [0x00000000d7200000,0x00000000d7200000,0x00000000f3100000)
  from space 103424K, 27% used [0x00000000f3100000,0x00000000f4d24d20,0x00000000f9600000)
  to   space 99840K, 0% used [0x00000000f9700000,0x00000000f9700000,0x00000000ff880000)
 ParOldGen       total 321536K, used 138561K [0x0000000085600000, 0x0000000099000000, 0x00000000d7200000)
  object space 321536K, 43% used [0x0000000085600000,0x000000008dd50738,0x0000000099000000)
 Metaspace       used 79765K, capacity 80486K, committed 80768K, reserved 1118208K
  class space    used 11178K, capacity 11379K, committed 11392K, reserved 1048576K
}
Event: 58.837 GC heap before
{Heap before GC invocations=88 (full 6):
 PSYoungGen      total 561152K, used 486522K [0x00000000d7200000, 0x00000000ff880000, 0x0000000100000000)
  eden space 457728K, 99% used [0x00000000d7200000,0x00000000f30f9db8,0x00000000f3100000)
  from space 103424K, 27% used [0x00000000f3100000,0x00000000f4d24d20,0x00000000f9600000)
  to   space 99840K, 0% used [0x00000000f9700000,0x00000000f9700000,0x00000000ff880000)
 ParOldGen       total 321536K, used 138625K [0x0000000085600000, 0x0000000099000000, 0x00000000d7200000)
  object space 321536K, 43% used [0x0000000085600000,0x000000008dd60748,0x0000000099000000)
 Metaspace       used 80224K, capacity 81016K, committed 81152K, reserved 1118208K
  class space    used 11215K, capacity 11430K, committed 11520K, reserved 1048576K
Event: 58.921 GC heap after
Heap after GC invocations=88 (full 6):
 PSYoungGen      total 497152K, used 99832K [0x00000000d7200000, 0x0000000100000000, 0x0000000100000000)
  eden space 397312K, 0% used [0x00000000d7200000,0x00000000d7200000,0x00000000ef600000)
  from space 99840K, 99% used [0x00000000f9700000,0x00000000ff87e3a0,0x00000000ff880000)
  to   space 136192K, 0% used [0x00000000ef600000,0x00000000ef600000,0x00000000f7b00000)
 ParOldGen       total 321536K, used 194605K [0x0000000085600000, 0x0000000099000000, 0x00000000d7200000)
  object space 321536K, 60% used [0x0000000085600000,0x000000009140b480,0x0000000099000000)
 Metaspace       used 80224K, capacity 81016K, committed 81152K, reserved 1118208K
  class space    used 11215K, capacity 11430K, committed 11520K, reserved 1048576K
}
Event: 59.312 GC heap before
{Heap before GC invocations=89 (full 6):
 PSYoungGen      total 497152K, used 497144K [0x00000000d7200000, 0x0000000100000000, 0x0000000100000000)
  eden space 397312K, 100% used [0x00000000d7200000,0x00000000ef600000,0x00000000ef600000)
  from space 99840K, 99% used [0x00000000f9700000,0x00000000ff87e3a0,0x00000000ff880000)
  to   space 136192K, 0% used [0x00000000ef600000,0x00000000ef600000,0x00000000f7b00000)
 ParOldGen       total 321536K, used 194608K [0x0000000085600000, 0x0000000099000000, 0x00000000d7200000)
  object space 321536K, 60% used [0x0000000085600000,0x000000009140c2c0,0x0000000099000000)
 Metaspace       used 80225K, capacity 81016K, committed 81152K, reserved 1118208K
  class space    used 11215K, capacity 11430K, committed 11520K, reserved 1048576K
Event: 59.414 GC heap after
Heap after GC invocations=89 (full 6):
 PSYoungGen      total 533504K, used 136172K [0x00000000d7200000, 0x0000000100000000, 0x0000000100000000)
  eden space 397312K, 0% used [0x00000000d7200000,0x00000000d7200000,0x00000000ef600000)
  from space 136192K, 99% used [0x00000000ef600000,0x00000000f7afb198,0x00000000f7b00000)
  to   space 136192K, 0% used [0x00000000f7b00000,0x00000000f7b00000,0x0000000100000000)
 ParOldGen       total 351744K, used 347956K [0x0000000085600000, 0x000000009ad80000, 0x00000000d7200000)
  object space 351744K, 98% used [0x0000000085600000,0x000000009a9cd158,0x000000009ad80000)
 Metaspace       used 80225K, capacity 81016K, committed 81152K, reserved 1118208K
  class space    used 11215K, capacity 11430K, committed 11520K, reserved 1048576K
}
Event: 59.415 GC heap before
{Heap before GC invocations=90 (full 7):
 PSYoungGen      total 533504K, used 136172K [0x00000000d7200000, 0x0000000100000000, 0x0000000100000000)
  eden space 397312K, 0% used [0x00000000d7200000,0x00000000d7200000,0x00000000ef600000)
  from space 136192K, 99% used [0x00000000ef600000,0x00000000f7afb198,0x00000000f7b00000)
  to   space 136192K, 0% used [0x00000000f7b00000,0x00000000f7b00000,0x0000000100000000)
 ParOldGen       total 351744K, used 347956K [0x0000000085600000, 0x000000009ad80000, 0x00000000d7200000)
  object space 351744K, 98% used [0x0000000085600000,0x000000009a9cd158,0x000000009ad80000)
 Metaspace       used 80225K, capacity 81016K, committed 81152K, reserved 1118208K
  class space    used 11215K, capacity 11430K, committed 11520K, reserved 1048576K
Event: 59.686 GC heap after
Heap after GC invocations=90 (full 7):
 PSYoungGen      total 533504K, used 32348K [0x00000000d7200000, 0x0000000100000000, 0x0000000100000000)
  eden space 397312K, 0% used [0x00000000d7200000,0x00000000d7200000,0x00000000ef600000)
  from space 136192K, 23% used [0x00000000ef600000,0x00000000f1597100,0x00000000f7b00000)
  to   space 136192K, 0% used [0x00000000f7b00000,0x00000000f7b00000,0x0000000100000000)
 ParOldGen       total 592384K, used 351559K [0x0000000085600000, 0x00000000a9880000, 0x00000000d7200000)
  object space 592384K, 59% used [0x0000000085600000,0x000000009ad51c20,0x00000000a9880000)
 Metaspace       used 80198K, capacity 80950K, committed 81152K, reserved 1118208K
  class space    used 11209K, capacity 11419K, committed 11520K, reserved 1048576K
}
Event: 60.526 GC heap before
{Heap before GC invocations=91 (full 7):
 PSYoungGen      total 533504K, used 429660K [0x00000000d7200000, 0x0000000100000000, 0x0000000100000000)
  eden space 397312K, 100% used [0x00000000d7200000,0x00000000ef600000,0x00000000ef600000)
  from space 136192K, 23% used [0x00000000ef600000,0x00000000f1597100,0x00000000f7b00000)
  to   space 136192K, 0% used [0x00000000f7b00000,0x00000000f7b00000,0x0000000100000000)
 ParOldGen       total 592384K, used 351559K [0x0000000085600000, 0x00000000a9880000, 0x00000000d7200000)
  object space 592384K, 59% used [0x0000000085600000,0x000000009ad51c20,0x00000000a9880000)
 Metaspace       used 80297K, capacity 81026K, committed 81408K, reserved 1120256K
  class space    used 11222K, capacity 11421K, committed 11520K, reserved 1048576K
Event: 61.734 GC heap after
Heap after GC invocations=91 (full 7):
 PSYoungGen      total 359424K, used 136187K [0x00000000d7200000, 0x0000000100000000, 0x0000000100000000)
  eden space 223232K, 0% used [0x00000000d7200000,0x00000000d7200000,0x00000000e4c00000)
  from space 136192K, 99% used [0x00000000f7b00000,0x00000000ffffed80,0x0000000100000000)
  to   space 223232K, 0% used [0x00000000e4c00000,0x00000000e4c00000,0x00000000f2600000)
 ParOldGen       total 592384K, used 473993K [0x0000000085600000, 0x00000000a9880000, 0x00000000d7200000)
  object space 592384K, 80% used [0x0000000085600000,0x00000000a24e24a0,0x00000000a9880000)
 Metaspace       used 80297K, capacity 81026K, committed 81408K, reserved 1120256K
  class space    used 11222K, capacity 11421K, committed 11520K, reserved 1048576K
}
Event: 61.756 GC heap before
{Heap before GC invocations=92 (full 8):
 PSYoungGen      total 359424K, used 136187K [0x00000000d7200000, 0x0000000100000000, 0x0000000100000000)
  eden space 223232K, 0% used [0x00000000d7200000,0x00000000d7200000,0x00000000e4c00000)
  from space 136192K, 99% used [0x00000000f7b00000,0x00000000ffffed80,0x0000000100000000)
  to   space 223232K, 0% used [0x00000000e4c00000,0x00000000e4c00000,0x00000000f2600000)
 ParOldGen       total 592384K, used 473993K [0x0000000085600000, 0x00000000a9880000, 0x00000000d7200000)
  object space 592384K, 80% used [0x0000000085600000,0x00000000a24e24a0,0x00000000a9880000)
 Metaspace       used 80297K, capacity 81026K, committed 81408K, reserved 1120256K
  class space    used 11222K, capacity 11421K, committed 11520K, reserved 1048576K

